<?xml version="1.0" encoding="UTF-8"?>
<testng-results skipped="0" failed="0" total="1" passed="1">
  <reporter-output>
  </reporter-output>
  <suite name="Default suite" duration-ms="10574" started-at="2020-02-03T13:30:27Z" finished-at="2020-02-03T13:30:37Z">
    <groups>
    </groups>
    <test name="Default test" duration-ms="10574" started-at="2020-02-03T13:30:27Z" finished-at="2020-02-03T13:30:37Z">
      <class name="tests.NewTest">
        <test-method status="PASS" signature="beforeClass()[pri:0, instance:tests.NewTest@1b604f19]" name="beforeClass" is-config="true" duration-ms="8416" started-at="2020-02-03T18:30:27Z" finished-at="2020-02-03T18:30:35Z">
          <reporter-output>
          </reporter-output>
        </test-method> <!-- beforeClass -->
        <test-method status="PASS" signature="openMyBlog()[pri:0, instance:tests.NewTest@1b604f19]" name="openMyBlog" duration-ms="958" started-at="2020-02-03T18:30:35Z" finished-at="2020-02-03T18:30:36Z">
          <reporter-output>
          </reporter-output>
        </test-method> <!-- openMyBlog -->
        <test-method status="PASS" signature="afterClass()[pri:0, instance:tests.NewTest@1b604f19]" name="afterClass" is-config="true" duration-ms="1180" started-at="2020-02-03T18:30:36Z" finished-at="2020-02-03T18:30:37Z">
          <reporter-output>
          </reporter-output>
        </test-method> <!-- afterClass -->
      </class> <!-- tests.NewTest -->
    </test> <!-- Default test -->
  </suite> <!-- Default suite -->
</testng-results>
